<?xml version="1.0" encoding="UTF-8"?>
<!-- Generated by org.testng.reporters.JUnitReportReporter -->
<testsuite hostname="vishal-ThinkPad-W530" failures="0" tests="1" name="Testmodels.TestgoogleSearch" time="11.002" errors="0" timestamp="2022-04-02T19:42:37 IST" skipped="0">
  <testcase classname="Testmodels.TestgoogleSearch" name="TestSearchOperation" time="11.002"/>
  <system-out>
    <![CDATA[Mina International
HOTEL MOGUL PALACE
Lemon Tree Premier, Mumbai International Airport, Mumbai
Hotel Supreme
Welcome Guest House
Keys Select by Lemon Tree Hotels, Nestor, Mumbai
Courtyard by Marriott Mumbai International Airport
Hotel Leafio
Capital O 62560 Hotel Zaid International
Hotel Le Grande]]>
  </system-out>
</testsuite> <!-- Testmodels.TestgoogleSearch -->
