<?xml version="1.0" encoding="UTF-8"?>
<!-- Generated by org.testng.reporters.JUnitReportReporter -->
<testsuite hostname="vishal-ThinkPad-W530" failures="0" tests="1" name="Testmodels.TestgoibibohotelSearch" time="7.727" errors="0" timestamp="2022-04-10T14:00:21 IST" skipped="0">
  <testcase classname="Testmodels.TestgoibibohotelSearch" name="TestaddImage" time="7.727"/>
  <system-out>
    <![CDATA[<img width="418" height="240" alt="alternativeName" title="title" src="https://cdn1.goibibo.com/voy_ing/t_g/23cf83ba388f11ec86d80a58a9feac02.jpg"></a>
<img width="418" height="240" alt="alternativeName" title="title" src="https://cdn1.goibibo.com/voy_ing/t_g/e3dd1936187a11ecbbd30a58a9feac02.jpg"></a>
<img width="418" height="240" alt="alternativeName" title="title" src="https://gos3.ibcdn.com/default-4-1426763954.png"></a>
<img width="418" height="240" alt="alternativeName" title="title" src="https://gos3.ibcdn.com/default-4-1426763954.png"></a>
<img width="418" height="240" alt="alternativeName" title="title" src="https://gos3.ibcdn.com/default-4-1426763954.png"></a>]]>
  </system-out>
</testsuite> <!-- Testmodels.TestgoibibohotelSearch -->
